\BOOKMARK [1][-]{section.1}{\376\377\000O\000v\000e\000r\000v\000i\000e\000w}{}% 1
\BOOKMARK [1][-]{section.2}{\376\377\000T\000e\000c\000h\000n\000i\000c\000a\000l\000\040\000A\000p\000p\000r\000o\000a\000c\000h}{}% 2
\BOOKMARK [2][-]{subsection.2.1}{\376\377\000S\000e\000t\000u\000p}{section.2}% 3
\BOOKMARK [2][-]{subsection.2.2}{\376\377\000S\000t\000a\000t\000e\000,\000\040\000A\000c\000t\000i\000o\000n\000,\000\040\000a\000n\000d\000\040\000R\000e\000w\000a\000r\000d}{section.2}% 4
\BOOKMARK [2][-]{subsection.2.3}{\376\377\000Q\000-\000N\000e\000t\000w\000o\000r\000k\000\040\000A\000r\000c\000h\000i\000t\000e\000c\000t\000u\000r\000e}{section.2}% 5
\BOOKMARK [2][-]{subsection.2.4}{\376\377\000N\000o\000r\000m\000a\000l\000i\000s\000e\000d\000\040\000D\000i\000s\000c\000o\000u\000n\000t\000e\000d\000\040\000S\000o\000f\000t\000\040\000B\000e\000l\000l\000m\000a\000n\000\040\000E\000q\000u\000a\000t\000i\000o\000n}{section.2}% 6
\BOOKMARK [2][-]{subsection.2.5}{\376\377\000A\000l\000g\000o\000r\000i\000t\000h\000m}{section.2}% 7
\BOOKMARK [2][-]{subsection.2.6}{\376\377\000U\000n\000i\000f\000o\000r\000m\000\040\000M\000i\000x\000t\000u\000r\000e\000\040\000V\000a\000r\000i\000a\000n\000t\000\040\000\050\000N\000o\000\040\000Q\000-\000W\000e\000i\000g\000h\000t\000i\000n\000g\000\051}{section.2}% 8
\BOOKMARK [2][-]{subsection.2.7}{\376\377\000T\000D\000\040\000G\000r\000a\000d\000i\000e\000n\000t\000s\000\040\000i\000n\000t\000o\000\040\000T\000h\000e\000t\000a\000\040\000\050\000R\000e\000p\000r\000e\000s\000e\000n\000t\000a\000t\000i\000o\000n\000\040\000S\000h\000a\000p\000i\000n\000g\000\051}{section.2}% 9
\BOOKMARK [1][-]{section.3}{\376\377\000S\000o\000f\000t\000m\000a\000x\000-\000R\000e\000l\000a\000x\000e\000d\000\040\000L\000a\000n\000g\000e\000v\000i\000n\000-\000R\000A\000G\000\040\000C\000u\000r\000r\000i\000c\000u\000l\000u\000m\000\040\000S\000e\000l\000e\000c\000t\000i\000o\000n}{}% 10
\BOOKMARK [2][-]{subsection.3.1}{\376\377\000O\000v\000e\000r\000v\000i\000e\000w}{section.3}% 11
\BOOKMARK [2][-]{subsection.3.2}{\376\377\000S\000G\000L\000D\000\040\000i\000n\000\040\000L\000o\000g\000i\000t\000\040\000S\000p\000a\000c\000e}{section.3}% 12
\BOOKMARK [2][-]{subsection.3.3}{\376\377\000T\000o\000k\000e\000n\000\040\000E\000x\000t\000r\000a\000c\000t\000i\000o\000n}{section.3}% 13
\BOOKMARK [2][-]{subsection.3.4}{\376\377\000R\000A\000G\000\040\000R\000e\000t\000r\000i\000e\000v\000a\000l}{section.3}% 14
\BOOKMARK [2][-]{subsection.3.5}{\376\377\000S\000o\000f\000t\000m\000a\000x\000-\000R\000e\000l\000a\000x\000e\000d\000\040\000L\000a\000n\000g\000e\000v\000i\000n\000-\000R\000A\000G\000\040\000A\000l\000g\000o\000r\000i\000t\000h\000m}{section.3}% 15
\BOOKMARK [2][-]{subsection.3.6}{\376\377\000S\000G\000L\000D\000\040\000D\000i\000a\000g\000n\000o\000s\000t\000i\000c\000s}{section.3}% 16
\BOOKMARK [2][-]{subsection.3.7}{\376\377\000I\000n\000t\000e\000r\000p\000r\000e\000t\000a\000t\000i\000o\000n\000\040\000a\000s\000\040\000F\000r\000e\000e\000-\000E\000n\000e\000r\000g\000y\000\040\000M\000i\000n\000i\000m\000i\000s\000a\000t\000i\000o\000n}{section.3}% 17
\BOOKMARK [1][-]{section.4}{\376\377\000E\000v\000a\000l\000u\000a\000t\000i\000o\000n}{}% 18
\BOOKMARK [2][-]{subsection.4.1}{\376\377\000P\000r\000i\000m\000a\000r\000y\000\040\000M\000e\000t\000r\000i\000c\000:\000\040\000S\000a\000m\000p\000l\000e\000\040\000E\000f\000f\000i\000c\000i\000e\000n\000c\000y}{section.4}% 19
\BOOKMARK [2][-]{subsection.4.2}{\376\377\000B\000a\000s\000e\000l\000i\000n\000e\000s}{section.4}% 20
\BOOKMARK [2][-]{subsection.4.3}{\376\377\000A\000n\000a\000l\000y\000s\000i\000s}{section.4}% 21
\BOOKMARK [1][-]{section.5}{\376\377\000R\000e\000l\000a\000t\000i\000o\000n\000\040\000t\000o\000\040\000P\000r\000i\000o\000r\000\040\000W\000o\000r\000k}{}% 22
\BOOKMARK [2][-]{subsection.5.1}{\376\377\000C\000u\000r\000r\000i\000c\000u\000l\000u\000m\000\040\000L\000e\000a\000r\000n\000i\000n\000g}{section.5}% 23
\BOOKMARK [2][-]{subsection.5.2}{\376\377\000M\000e\000t\000a\000-\000L\000e\000a\000r\000n\000i\000n\000g}{section.5}% 24
\BOOKMARK [2][-]{subsection.5.3}{\376\377\000R\000L\000\040\000a\000s\000\040\000I\000n\000f\000e\000r\000e\000n\000c\000e}{section.5}% 25
\BOOKMARK [2][-]{subsection.5.4}{\376\377\000S\000o\000f\000t\000\040\000Q\000-\000L\000e\000a\000r\000n\000i\000n\000g}{section.5}% 26
\BOOKMARK [2][-]{subsection.5.5}{\376\377\000I\000n\000t\000r\000i\000n\000s\000i\000c\000\040\000M\000o\000t\000i\000v\000a\000t\000i\000o\000n}{section.5}% 27
\BOOKMARK [2][-]{subsection.5.6}{\376\377\000C\000o\000n\000n\000e\000c\000t\000i\000o\000n\000\040\000t\000o\000\040\000P\000r\000i\000o\000r\000\040\000W\000o\000r\000k}{section.5}% 28
\BOOKMARK [1][-]{section.6}{\376\377\000B\000r\000o\000a\000d\000e\000r\000\040\000M\000o\000t\000i\000v\000a\000t\000i\000o\000n}{}% 29
\BOOKMARK [2][-]{subsection.6.1}{\376\377\000L\000o\000n\000g\000-\000T\000e\000r\000m\000\040\000D\000i\000r\000e\000c\000t\000i\000o\000n\000:\000\040\000F\000o\000r\000m\000a\000l\000i\000z\000i\000n\000g\000\040\000H\000o\000m\000e\000o\000s\000t\000a\000s\000i\000s}{section.6}% 30
